# JRE version: Java(TM) SE Runtime Environment (8.0_101-b13) (build 1.8.0_101-b13)
# Java VM: Java HotSpot(TM) 64-Bit Server VM (25.101-b13 mixed mode linux-amd64 compressed oops)
Heap:
 PSYoungGen      total 440832K, used 345931K [0x00000000d7000000, 0x00000000fc200000, 0x0000000100000000)
  eden space 358912K, 86% used [0x00000000d7000000,0x00000000e9f0cec8,0x00000000ece80000)
  from space 81920K, 43% used [0x00000000ece80000,0x00000000ef146108,0x00000000f1e80000)
  to   space 78848K, 0% used [0x00000000f7500000,0x00000000f7500000,0x00000000fc200000)
 ParOldGen       total 301568K, used 156483K [0x0000000085000000, 0x0000000097680000, 0x00000000d7000000)
  object space 301568K, 51% used [0x0000000085000000,0x000000008e8d0e40,0x0000000097680000)
 Metaspace       used 35873K, capacity 36906K, committed 37120K, reserved 1081344K
  class space    used 4257K, capacity 4548K, committed 4608K, reserved 1048576K
GC Heap History (10 events):
Event: 16.149 GC heap before
{Heap before GC invocations=14 (full 2):
 PSYoungGen      total 267264K, used 267238K [0x00000000d7000000, 0x00000000ef900000, 0x0000000100000000)
  eden space 224768K, 100% used [0x00000000d7000000,0x00000000e4b80000,0x00000000e4b80000)
  from space 42496K, 99% used [0x00000000e4b80000,0x00000000e74f98f0,0x00000000e7500000)
  to   space 59904K, 0% used [0x00000000ebe80000,0x00000000ebe80000,0x00000000ef900000)
 ParOldGen       total 186880K, used 113968K [0x0000000085000000, 0x0000000090680000, 0x00000000d7000000)
  object space 186880K, 60% used [0x0000000085000000,0x000000008bf4c398,0x0000000090680000)
 Metaspace       used 28962K, capacity 29766K, committed 30080K, reserved 1075200K
  class space    used 3408K, capacity 3657K, committed 3712K, reserved 1048576K
Event: 16.169 GC heap after
Heap after GC invocations=14 (full 2):
 PSYoungGen      total 338432K, used 22871K [0x00000000d7000000, 0x00000000ef400000, 0x0000000100000000)
  eden space 283648K, 0% used [0x00000000d7000000,0x00000000d7000000,0x00000000e8500000)
  from space 54784K, 41% used [0x00000000ebe80000,0x00000000ed4d5d78,0x00000000ef400000)
  to   space 56832K, 0% used [0x00000000e8500000,0x00000000e8500000,0x00000000ebc80000)
 ParOldGen       total 186880K, used 119993K [0x0000000085000000, 0x0000000090680000, 0x00000000d7000000)
  object space 186880K, 64% used [0x0000000085000000,0x000000008c52e708,0x0000000090680000)
 Metaspace       used 28962K, capacity 29766K, committed 30080K, reserved 1075200K
  class space    used 3408K, capacity 3657K, committed 3712K, reserved 1048576K
}
Event: 19.454 GC heap before
{Heap before GC invocations=15 (full 2):
 PSYoungGen      total 338432K, used 306519K [0x00000000d7000000, 0x00000000ef400000, 0x0000000100000000)
  eden space 283648K, 100% used [0x00000000d7000000,0x00000000e8500000,0x00000000e8500000)
  from space 54784K, 41% used [0x00000000ebe80000,0x00000000ed4d5d78,0x00000000ef400000)
  to   space 56832K, 0% used [0x00000000e8500000,0x00000000e8500000,0x00000000ebc80000)
 ParOldGen       total 186880K, used 119993K [0x0000000085000000, 0x0000000090680000, 0x00000000d7000000)
  object space 186880K, 64% used [0x0000000085000000,0x000000008c52e708,0x0000000090680000)
 Metaspace       used 31051K, capacity 31980K, committed 32128K, reserved 1077248K
  class space    used 3671K, capacity 3927K, committed 3968K, reserved 1048576K
Event: 19.535 GC heap after
Heap after GC invocations=15 (full 2):
 PSYoungGen      total 340480K, used 56807K [0x00000000d7000000, 0x00000000f7600000, 0x0000000100000000)
  eden space 283648K, 0% used [0x00000000d7000000,0x00000000d7000000,0x00000000e8500000)
  from space 56832K, 99% used [0x00000000e8500000,0x00000000ebc79f10,0x00000000ebc80000)
  to   space 86016K, 0% used [0x00000000f2200000,0x00000000f2200000,0x00000000f7600000)
 ParOldGen       total 186880K, used 173276K [0x0000000085000000, 0x0000000090680000, 0x00000000d7000000)
  object space 186880K, 92% used [0x0000000085000000,0x000000008f937348,0x0000000090680000)
 Metaspace       used 31051K, capacity 31980K, committed 32128K, reserved 1077248K
  class space    used 3671K, capacity 3927K, committed 3968K, reserved 1048576K
}
Event: 19.535 GC heap before
{Heap before GC invocations=16 (full 3):
 PSYoungGen      total 340480K, used 56807K [0x00000000d7000000, 0x00000000f7600000, 0x0000000100000000)
  eden space 283648K, 0% used [0x00000000d7000000,0x00000000d7000000,0x00000000e8500000)
  from space 56832K, 99% used [0x00000000e8500000,0x00000000ebc79f10,0x00000000ebc80000)
  to   space 86016K, 0% used [0x00000000f2200000,0x00000000f2200000,0x00000000f7600000)
 ParOldGen       total 186880K, used 173276K [0x0000000085000000, 0x0000000090680000, 0x00000000d7000000)
  object space 186880K, 92% used [0x0000000085000000,0x000000008f937348,0x0000000090680000)
 Metaspace       used 31051K, capacity 31980K, committed 32128K, reserved 1077248K
  class space    used 3671K, capacity 3927K, committed 3968K, reserved 1048576K
Event: 19.908 GC heap after
Heap after GC invocations=16 (full 3):
 PSYoungGen      total 340480K, used 0K [0x00000000d7000000, 0x00000000f7600000, 0x0000000100000000)
  eden space 283648K, 0% used [0x00000000d7000000,0x00000000d7000000,0x00000000e8500000)
  from space 56832K, 0% used [0x00000000e8500000,0x00000000e8500000,0x00000000ebc80000)
  to   space 86016K, 0% used [0x00000000f2200000,0x00000000f2200000,0x00000000f7600000)
 ParOldGen       total 301568K, used 156475K [0x0000000085000000, 0x0000000097680000, 0x00000000d7000000)
  object space 301568K, 51% used [0x0000000085000000,0x000000008e8cee40,0x0000000097680000)
 Metaspace       used 31040K, capacity 31966K, committed 32128K, reserved 1077248K
  class space    used 3669K, capacity 3925K, committed 3968K, reserved 1048576K
}
Event: 21.278 GC heap before
{Heap before GC invocations=17 (full 3):
 PSYoungGen      total 340480K, used 283648K [0x00000000d7000000, 0x00000000f7600000, 0x0000000100000000)
  eden space 283648K, 100% used [0x00000000d7000000,0x00000000e8500000,0x00000000e8500000)
  from space 56832K, 0% used [0x00000000e8500000,0x00000000e8500000,0x00000000ebc80000)
  to   space 86016K, 0% used [0x00000000f2200000,0x00000000f2200000,0x00000000f7600000)
 ParOldGen       total 301568K, used 156475K [0x0000000085000000, 0x0000000097680000, 0x00000000d7000000)
  object space 301568K, 51% used [0x0000000085000000,0x000000008e8cee40,0x0000000097680000)
 Metaspace       used 31040K, capacity 31966K, committed 32128K, reserved 1077248K
  class space    used 3669K, capacity 3925K, committed 3968K, reserved 1048576K
Event: 21.353 GC heap after
Heap after GC invocations=17 (full 3):
 PSYoungGen      total 437248K, used 22876K [0x00000000d7000000, 0x00000000f6e80000, 0x0000000100000000)
  eden space 358912K, 0% used [0x00000000d7000000,0x00000000d7000000,0x00000000ece80000)
  from space 78336K, 29% used [0x00000000f2200000,0x00000000f3857148,0x00000000f6e80000)
  to   space 81920K, 0% used [0x00000000ece80000,0x00000000ece80000,0x00000000f1e80000)
 ParOldGen       total 301568K, used 156475K [0x0000000085000000, 0x0000000097680000, 0x00000000d7000000)
  object space 301568K, 51% used [0x0000000085000000,0x000000008e8cee40,0x0000000097680000)
 Metaspace       used 31040K, capacity 31966K, committed 32128K, reserved 1077248K
  class space    used 3669K, capacity 3925K, committed 3968K, reserved 1048576K
}
Event: 23.712 GC heap before
{Heap before GC invocations=18 (full 3):
 PSYoungGen      total 437248K, used 381788K [0x00000000d7000000, 0x00000000f6e80000, 0x0000000100000000)
  eden space 358912K, 100% used [0x00000000d7000000,0x00000000ece80000,0x00000000ece80000)
  from space 78336K, 29% used [0x00000000f2200000,0x00000000f3857148,0x00000000f6e80000)
  to   space 81920K, 0% used [0x00000000ece80000,0x00000000ece80000,0x00000000f1e80000)
 ParOldGen       total 301568K, used 156475K [0x0000000085000000, 0x0000000097680000, 0x00000000d7000000)
  object space 301568K, 51% used [0x0000000085000000,0x000000008e8cee40,0x0000000097680000)
 Metaspace       used 35863K, capacity 36906K, committed 37120K, reserved 1081344K
  class space    used 4257K, capacity 4548K, committed 4608K, reserved 1048576K
Event: 23.762 GC heap after
Heap after GC invocations=18 (full 3):
 PSYoungGen      total 440832K, used 35608K [0x00000000d7000000, 0x00000000fc200000, 0x0000000100000000)
  eden space 358912K, 0% used [0x00000000d7000000,0x00000000d7000000,0x00000000ece80000)
  from space 81920K, 43% used [0x00000000ece80000,0x00000000ef146108,0x00000000f1e80000)
  to   space 78848K, 0% used [0x00000000f7500000,0x00000000f7500000,0x00000000fc200000)
 ParOldGen       total 301568K, used 156483K [0x0000000085000000, 0x0000000097680000, 0x00000000d7000000)
  object space 301568K, 51% used [0x0000000085000000,0x000000008e8d0e40,0x0000000097680000)
 Metaspace       used 35863K, capacity 36906K, committed 37120K, reserved 1081344K
  class space    used 4257K, capacity 4548K, committed 4608K, reserved 1048576K
}

