<?xml version="1.0" encoding="UTF-8"?>
<testsuite name="org.corpus_tools.pepper.modules.coreModules.TextExporterTest" time="0.101" tests="9" errors="0" skipped="0" failures="0">
  <properties>
[...]
</properties>
  <testcase name="test1Doc1Text" classname="org.corpus_tools.pepper.modules.coreModules.TextExporterTest" time="0.011"/>
  <testcase name="whenExporting3DocumentsWithMultipleTexts_thenExport4Texts" classname="org.corpus_tools.pepper.modules.coreModules.TextExporterTest" time="0.046"/>
  <testcase name="test3Doc1Text" classname="org.corpus_tools.pepper.modules.coreModules.TextExporterTest" time="0.017"/>
  <testcase name="checkThatCorrectFormatsAreSupported" classname="org.corpus_tools.pepper.modules.coreModules.TextExporterTest" time="0"/>
  <testcase name="checkThatFixtureIsSet" classname="org.corpus_tools.pepper.modules.coreModules.TextExporterTest" time="0"/>
  <testcase name="checkThatCorpusGraphIsSettable" classname="org.corpus_tools.pepper.modules.coreModules.TextExporterTest" time="0"/>
  <testcase name="checkThatModuleHasName" classname="org.corpus_tools.pepper.modules.coreModules.TextExporterTest" time="0"/>
  <testcase name="checkThatWhenSimulatingFitnessCheckModulePassesSelfTest" classname="org.corpus_tools.pepper.modules.coreModules.TextExporterTest" time="0.027"/>
  <testcase name="checkThatResourcePathIsSet" classname="org.corpus_tools.pepper.modules.coreModules.TextExporterTest" time="0"/>
</testsuite>