<?xml version="1.0" encoding="UTF-8"?>
<testsuite name="org.corpus_tools.pepper.impl.CorpusPathResolverTest" time="0.032" tests="18" errors="0" skipped="0" failures="0">
  <properties>
[...]
</properties>
  <testcase name="whenFileContentIsSampledTwice_thenItShouldBeReadOnlyOnce" classname="org.corpus_tools.pepper.impl.CorpusPathResolverTest" time="0.021"/>
  <testcase name="whenSamplingFileContentAndNumberOfFilesIs0_thenReturnEmptyContent" classname="org.corpus_tools.pepper.impl.CorpusPathResolverTest" time="0"/>
  <testcase name="whenSettingUpWithInvalidURI_thenThrowException" classname="org.corpus_tools.pepper.impl.CorpusPathResolverTest" time="0"/>
  <testcase name="whenFileContentIsSampledForEndingXml_thenShouldContain3SampledContents" classname="org.corpus_tools.pepper.impl.CorpusPathResolverTest" time="0.001"/>
  <testcase name="whenSamplingDocFiles_thenReturnContentWithWord" classname="org.corpus_tools.pepper.impl.CorpusPathResolverTest" time="0.001"/>
  <testcase name="whenFileContentIsSampledForEnding1AndThenSampledForEnding2_thenShouldContainBothFileContents" classname="org.corpus_tools.pepper.impl.CorpusPathResolverTest" time="0.001"/>
  <testcase name="whenSamplingFiles_thenReturnNoDuplicates" classname="org.corpus_tools.pepper.impl.CorpusPathResolverTest" time="0"/>
  <testcase name="whenSamplingFilesTwice_thenResultsShouldBeDifferent" classname="org.corpus_tools.pepper.impl.CorpusPathResolverTest" time="0"/>
  <testcase name="whenFileContentIsSampledWithoutEnding_thenShouldContainContentForAllFiles" classname="org.corpus_tools.pepper.impl.CorpusPathResolverTest" time="0.002"/>
  <testcase name="whenFileContentIsSampledForEndingXmlAndCsv_thenShouldContain9SampledContents" classname="org.corpus_tools.pepper.impl.CorpusPathResolverTest" time="0.001"/>
  <testcase name="whenSamplingSetOfFiles_thenReturnSampledFiles" classname="org.corpus_tools.pepper.impl.CorpusPathResolverTest" time="0.001"/>
  <testcase name="whenSettingCorpusPath_thenCorpusPathResolverShouldBeUnEmpty" classname="org.corpus_tools.pepper.impl.CorpusPathResolverTest" time="0.001"/>
  <testcase name="whenReadingFirst10LinesOfFile_thenReturn10FirstLines" classname="org.corpus_tools.pepper.impl.CorpusPathResolverTest" time="0"/>
  <testcase name="whenGroupingFilesByEndingFor5DifferentEndings_thenReturnMapWith5Entries" classname="org.corpus_tools.pepper.impl.CorpusPathResolverTest" time="0.001"/>
  <testcase name="whenSamplingFileContentWithOutInitializing_thenThrowException" classname="org.corpus_tools.pepper.impl.CorpusPathResolverTest" time="0"/>
  <testcase name="whenSamplingMoreFilesInTheSecondRun_thenSampleMoreFiles" classname="org.corpus_tools.pepper.impl.CorpusPathResolverTest" time="0.002"/>
  <testcase name="whenReadingFirst10LinesOfFileWithOnly5Lines_thenReturn5FirstLines" classname="org.corpus_tools.pepper.impl.CorpusPathResolverTest" time="0"/>
  <testcase name="whenSamplingFileContentAndNumberOfLinesIs0_thenReturnEmptyContent" classname="org.corpus_tools.pepper.impl.CorpusPathResolverTest" time="0"/>
</testsuite>